<?xml version="1.0" encoding="UTF-8"?>
<testsuite name="com.trello.qa.tests.TeamDeletionTest" tests="1" skipped="0" failures="0" errors="0" timestamp="2019-09-23T15:05:29" hostname="DESKTOP-HHAPKNM" time="16.203">
  <properties/>
  <testcase name="deleteTeamFromLeftNavMenu" classname="com.trello.qa.tests.TeamDeletionTest" time="16.203"/>
  <system-out><![CDATA[]]></system-out>
  <system-err><![CDATA[]]></system-err>
</testsuite>
