<?xml version="1.0" encoding="UTF-8"?>
<testsuite name="com.trello.qa.tests.BoardDeletionTest" tests="1" skipped="0" failures="0" errors="0" timestamp="2019-09-22T16:12:48" hostname="DESKTOP-HHAPKNM" time="21.237">
  <properties/>
  <testcase name="deleteBoards" classname="com.trello.qa.tests.BoardDeletionTest" time="21.237"/>
  <system-out><![CDATA[4
hidden
3
]]></system-out>
  <system-err><![CDATA[]]></system-err>
</testsuite>
