<?xml version="1.0" encoding="UTF-8"?>
<testsuite name="com.trello.qa.tests.TeamCreationTests" tests="2" skipped="0" failures="0" errors="0" timestamp="2019-09-22T16:11:49" hostname="DESKTOP-HHAPKNM" time="9.795">
  <properties/>
  <testcase name="testTeamCreation" classname="com.trello.qa.tests.TeamCreationTests" time="5.255"/>
  <testcase name="testTeamCreationFromLeftNavMenu" classname="com.trello.qa.tests.TeamCreationTests" time="4.516"/>
  <system-out><![CDATA[]]></system-out>
  <system-err><![CDATA[]]></system-err>
</testsuite>
