<?xml version="1.0" encoding="UTF-8"?>
<testsuite name="com.trello.qa.tests.TeamCreationTests" tests="2" skipped="0" failures="0" errors="0" timestamp="2019-09-23T15:05:08" hostname="DESKTOP-HHAPKNM" time="12.018">
  <properties/>
  <testcase name="testTeamCreation" classname="com.trello.qa.tests.TeamCreationTests" time="6.679"/>
  <testcase name="testTeamCreationFromLeftNavMenu" classname="com.trello.qa.tests.TeamCreationTests" time="5.286"/>
  <system-out><![CDATA[]]></system-out>
  <system-err><![CDATA[]]></system-err>
</testsuite>
