<?xml version="1.0" encoding="UTF-8"?>
<testsuite name="com.trello.qa.tests.TeamModificationTests" tests="1" skipped="0" failures="0" errors="0" timestamp="2019-09-23T15:05:20" hostname="DESKTOP-HHAPKNM" time="7.231">
  <properties/>
  <testcase name="testRenameTeam" classname="com.trello.qa.tests.TeamModificationTests" time="7.231"/>
  <system-out><![CDATA[]]></system-out>
  <system-err><![CDATA[]]></system-err>
</testsuite>
