<?xml version="1.0" encoding="UTF-8"?>
<testsuite name="com.trello.qa.tests.TeamDeletionTest" tests="1" skipped="0" failures="0" errors="0" timestamp="2019-09-22T16:12:05" hostname="DESKTOP-HHAPKNM" time="13.497">
  <properties/>
  <testcase name="deleteTeamFromLeftNavMenu" classname="com.trello.qa.tests.TeamDeletionTest" time="13.497"/>
  <system-out><![CDATA[]]></system-out>
  <system-err><![CDATA[]]></system-err>
</testsuite>
