<?xml version="1.0" encoding="UTF-8"?>
<testsuite name="com.trello.qa.tests.BoardCreationTest" tests="1" skipped="0" failures="0" errors="0" timestamp="2019-09-23T15:05:45" hostname="DESKTOP-HHAPKNM" time="15.917">
  <properties/>
  <testcase name="testBoardCreation" classname="com.trello.qa.tests.BoardCreationTest" time="15.917"/>
  <system-out><![CDATA[]]></system-out>
  <system-err><![CDATA[]]></system-err>
</testsuite>
