<?xml version="1.0" encoding="UTF-8"?>
<testsuite name="com.trello.qa.TeamDeletionTest" tests="1" skipped="0" failures="0" errors="0" timestamp="2019-09-19T06:01:45" hostname="DESKTOP-HHAPKNM" time="14.145">
  <properties/>
  <testcase name="deleteTeamFromLeftNavMenu" classname="com.trello.qa.TeamDeletionTest" time="14.145"/>
  <system-out><![CDATA[]]></system-out>
  <system-err><![CDATA[]]></system-err>
</testsuite>
