<?xml version="1.0" encoding="UTF-8"?>
<testsuite name="com.trello.qa.BoardCreationTest" tests="1" skipped="0" failures="0" errors="0" timestamp="2019-09-19T06:01:59" hostname="DESKTOP-HHAPKNM" time="14.471">
  <properties/>
  <testcase name="testBoardCreation" classname="com.trello.qa.BoardCreationTest" time="14.471"/>
  <system-out><![CDATA[]]></system-out>
  <system-err><![CDATA[]]></system-err>
</testsuite>
