<?xml version="1.0" encoding="UTF-8"?>
<testsuite name="com.trello.qa.tests.TeamModificationTests" tests="1" skipped="0" failures="0" errors="0" timestamp="2019-09-22T16:11:58" hostname="DESKTOP-HHAPKNM" time="5.63">
  <properties/>
  <testcase name="testRenameTeam" classname="com.trello.qa.tests.TeamModificationTests" time="5.63"/>
  <system-out><![CDATA[]]></system-out>
  <system-err><![CDATA[]]></system-err>
</testsuite>
