<?xml version="1.0" encoding="UTF-8"?>
<testsuite name="com.trello.qa.BoardCreationTest" tests="1" skipped="0" failures="0" errors="0" timestamp="2019-09-08T20:09:12" hostname="LAPTOP-1TKK71FQ" time="18.696">
  <properties/>
  <testcase name="testBoardCreation" classname="com.trello.qa.BoardCreationTest" time="18.696"/>
  <system-out><![CDATA[]]></system-out>
  <system-err><![CDATA[Starting ChromeDriver 76.0.3809.68 (420c9498db8ce8fcd190a954d51297672c1515d5-refs/branch-heads/3809@{#864}) on port 28634
Only local connections are allowed.
Please protect ports used by ChromeDriver and related test frameworks to prevent access by malicious code.
Sep 08, 2019 11:09:04 PM org.openqa.selenium.remote.ProtocolHandshake createSession
INFO: Detected dialect: W3C
]]></system-err>
</testsuite>
